[01:24:50] [main/INFO]: Loading Minecraft 1.21 with Fabric Loader 0.16.14
[01:24:51] [main/INFO]: Loading 44 mods:
	- fabric-api 0.102.0+1.21
	   |-- fabric-api-base 0.4.42+6573ed8cd1
	   |-- fabric-api-lookup-api-v1 1.6.68+b5597344d1
	   |-- fabric-biome-api-v1 13.0.29+5bd9f1bcd1
	   |-- fabric-block-api-v1 1.0.22+0af3f5a7d1
	   |-- fabric-block-view-api-v2 1.0.10+6573ed8cd1
	   |-- fabric-blockrenderlayer-v1 1.1.52+0af3f5a7d1
	   |-- fabric-client-tags-api-v1 1.1.15+6573ed8cd1
	   |-- fabric-command-api-v1 1.2.49+f71b366fd1
	   |-- fabric-command-api-v2 2.2.28+6ced4dd9d1
	   |-- fabric-commands-v0 0.2.66+df3654b3d1
	   |-- fabric-content-registries-v0 8.0.16+b5597344d1
	   |-- fabric-convention-tags-v1 2.0.19+7f945d5bd1
	   |-- fabric-convention-tags-v2 2.5.0+c5e2b5c6d1
	   |-- fabric-crash-report-info-v1 0.2.29+0af3f5a7d1
	   |-- fabric-data-attachment-api-v1 1.1.27+6a6dfa19d1
	   |-- fabric-data-generation-api-v1 20.2.16+16c4ae25d1
	   |-- fabric-dimensions-v1 4.0.0+6fc22b99d1
	   |-- fabric-entity-events-v1 1.6.12+6fc22b99d1
	   |-- fabric-events-interaction-v0 0.7.12+ba9dae06d1
	   |-- fabric-game-rule-api-v1 1.0.53+6ced4dd9d1
	   |-- fabric-item-api-v1 11.0.0+afdfc921d1
	   |-- fabric-item-group-api-v1 4.1.4+78017270d1
	   |-- fabric-key-binding-api-v1 1.0.47+0af3f5a7d1
	   |-- fabric-keybindings-v0 0.2.45+df3654b3d1
	   |-- fabric-lifecycle-events-v1 2.3.12+6c1df360d1
	   |-- fabric-loot-api-v2 3.0.14+3f89f5a5d1
	   |-- fabric-loot-api-v3 1.0.2+3f89f5a5d1
	   |-- fabric-message-api-v1 6.0.13+6573ed8cd1
	   |-- fabric-model-loading-api-v1 2.0.0+fe474d6bd1
	   |-- fabric-networking-api-v1 4.2.2+60c3209bd1
	   |-- fabric-object-builder-api-v1 15.2.0+a551f7a4d1
	   |-- fabric-particles-v1 4.0.2+6573ed8cd1
	   |-- fabric-recipe-api-v1 5.0.12+65089712d1
	   |-- fabric-registry-sync-v0 5.1.2+60c3209bd1
	   |-- fabric-renderer-api-v1 3.4.0+c705a49cd1
	   |-- fabric-renderer-indigo 1.7.0+c705a49cd1
	   |-- fabric-renderer-registries-v1 3.2.68+df3654b3d1
	   |-- fabric-rendering-data-attachment-v1 0.3.48+73761d2ed1
	   |-- fabric-rendering-fluids-v1 3.1.6+b5597344d1
	   |-- fabric-rendering-v0 1.1.71+df3654b3d1
	   |-- fabric-rendering-v1 5.0.5+df16efd0d1
	   |-- fabric-resource-conditions-api-v1 4.3.0+8dc279b1d1
	   |-- fabric-resource-loader-v0 1.3.0+56599129d1
	   |-- fabric-screen-api-v1 2.0.24+b5597344d1
	   |-- fabric-screen-handler-api-v1 1.3.86+b5597344d1
	   |-- fabric-sound-api-v1 1.0.23+6573ed8cd1
	   |-- fabric-transfer-api-v1 5.1.16+3dccd343d1
	   \-- fabric-transitive-access-wideners-v1 6.1.0+176f9036d1
	- fabricloader 0.16.14
	   \-- mixinextras 0.4.1
	- java 21
	- minecraft 1.21
	- mr_clifftree 2.0.1
	- roguelike 2.0.8-1.21-fabric
	- worldedit 7.3.8+6939-7d32b45
[01:24:51] [main/INFO]: SpongePowered MIXIN Subsystem Version=0.8.7 Source=file:/workspaces/el-pozo-the-minecraft-series/servidor_minecraft/libraries/net/fabricmc/sponge-mixin/0.15.5+mixin.0.8.7/sponge-mixin-0.15.5+mixin.0.8.7.jar Service=Knot/Fabric Env=SERVER
[01:24:51] [main/INFO]: Compatibility level set to JAVA_17
[01:24:53] [main/INFO]: Initializing MixinExtras via com.llamalad7.mixinextras.service.MixinExtrasServiceImpl(version=0.4.1).
[01:25:12] [main/INFO]: Got request to register class com.sk89q.worldedit.fabric.FabricPlatform with WorldEdit [com.sk89q.worldedit.extension.platform.PlatformManager@56ce8f7d]
[01:25:12] [main/INFO]: WorldEdit for Fabric (version 7.3.8+6939-7d32b45) is loaded
[01:25:13] [main/INFO]: Environment: Environment[sessionHost=https://sessionserver.mojang.com, servicesHost=https://api.minecraftservices.com, name=PROD]
[01:25:17] [Worker-Main-1/WARN]: Found loot table element validation problem in {minecraft:loot_table/minecraft:blocks/snow_block}.pools[0].entries[0]: Unreachable entry!
[01:25:17] [Worker-Main-1/INFO]: Registering commands with com.sk89q.worldedit.fabric.FabricPlatform
[01:25:18] [main/INFO]: Loaded 1290 recipes
[01:25:18] [main/INFO]: Loaded 1400 advancements
[01:25:19] [main/INFO]: Applied 0 biome modifications to 0 of 91 new biomes in 4.069 ms
[01:25:19] [Server thread/INFO]: Starting minecraft server version 1.21
[01:25:19] [Server thread/INFO]: Loading properties
[01:25:19] [Server thread/INFO]: Default game type: SURVIVAL
[01:25:19] [Server thread/INFO]: Generating keypair
[01:25:19] [Server thread/INFO]: Starting Minecraft server on *:25565
[01:25:19] [Server thread/INFO]: Using epoll channel type
[01:25:20] [Server thread/WARN]: **** SERVER IS RUNNING IN OFFLINE/INSECURE MODE!
[01:25:20] [Server thread/WARN]: The server will make no attempt to authenticate usernames. Beware.
[01:25:20] [Server thread/WARN]: While this makes the game possible to play without internet access, it also opens up the ability for hackers to connect with any username they choose.
[01:25:20] [Server thread/WARN]: To change this, set "online-mode" to "true" in the server.properties file.
[01:25:20] [Server thread/INFO]: Preparing level "world"
[01:25:28] [Server thread/INFO]: Preparing start region for dimension minecraft:overworld
[01:25:29] [Worker-Main-1/INFO]: Preparing spawn area: 0%
[01:25:29] [Worker-Main-1/INFO]: Preparing spawn area: 0%
[01:25:29] [Server thread/INFO]: Time elapsed: 1110 ms
[01:25:29] [Server thread/INFO]: Done (9.270s)! For help, type "help"
[01:27:15] [Server thread/INFO]: jhonsts35[/127.2.177.208:37031] logged in with entity id 54 at (71.37424004240805, 96.0, -172.6092166816148)
[01:27:15] [Server thread/INFO]: jhonsts35 joined the game
[01:27:36] [Server thread/INFO]: jhonsts35 fell from a high place
[01:28:03] [Server thread/INFO]: [jhonsts35: Set own game mode to Creative Mode]
[01:28:05] [Server thread/INFO]: XxtomiokaxX[/127.102.138.22:35375] logged in with entity id 900 at (72.5, 98.0, -181.5)
[01:28:05] [Server thread/INFO]: XxtomiokaxX joined the game
[01:28:24] [Server thread/INFO]: [Not Secure] <XxtomiokaxX> hola
[01:28:27] [Server thread/INFO]: [Not Secure] <jhonsts35> hola
[01:28:30] [Server thread/INFO]: [Not Secure] <jhonsts35> vem
[01:28:33] [Server thread/INFO]: [Not Secure] <XxtomiokaxX> llegó el más perrón digo q
[01:28:49] [Server thread/INFO]: [Not Secure] <jhonsts35> aca
[01:28:52] [Server thread/INFO]: [Not Secure] <XxtomiokaxX> sigo vivo
[01:29:00] [Server thread/INFO]: jhonsts35copia[/127.2.177.208:34391] logged in with entity id 1164 at (67.5, 96.0, -175.5)
[01:29:00] [Server thread/INFO]: jhonsts35copia joined the game
[01:29:08] [Server thread/INFO]: [Not Secure] <jhonsts35> mira
[01:29:40] [Server thread/INFO]: XxtomiokaxX was doomed to fall by jhonsts35
[01:30:05] [Server thread/WARN]: Mismatch in destroy block pos: class_2338{x=0, y=0, z=0} class_2338{x=74, y=62, z=-167}
[01:30:13] [Server thread/INFO]: [Not Secure] <jhonsts35> puedes venir
[01:30:37] [Server thread/INFO]: [Not Secure] <XxtomiokaxX> man tu podés volar
[01:30:46] [Server thread/INFO]: [jhonsts35: Teleported XxtomiokaxX to jhonsts35]
[01:30:50] [Server thread/INFO]: [Not Secure] <jhonsts35> mira
[01:31:14] [Server thread/INFO]: [Not Secure] <jhonsts35> ves que no se quita de la nada un bloque
[01:31:28] [Server thread/INFO]: [Not Secure] <XxtomiokaxX> si
[01:31:30] [Server thread/INFO]: [Not Secure] <jhonsts35> tu prueba
[01:32:00] [Server thread/INFO]: [Not Secure] <jhonsts35> ves
[01:32:03] [Server thread/INFO]: XxtomiokaxX fell from a high place
[01:32:11] [Server thread/INFO]: [Not Secure] <jhonsts35> y antes con 3 ya pasaba mucho eso
[01:32:23] [Server thread/INFO]: [Not Secure] <XxtomiokaxX> si
[01:33:05] [Server thread/WARN]: Mismatch in destroy block pos: class_2338{x=0, y=0, z=0} class_2338{x=67, y=97, z=-178}
[01:33:06] [Server thread/WARN]: Mismatch in destroy block pos: class_2338{x=0, y=0, z=0} class_2338{x=68, y=97, z=-179}
[01:33:06] [Server thread/WARN]: Mismatch in destroy block pos: class_2338{x=0, y=0, z=0} class_2338{x=68, y=97, z=-179}
[01:33:06] [Server thread/WARN]: Mismatch in destroy block pos: class_2338{x=0, y=0, z=0} class_2338{x=69, y=96, z=-179}
[01:33:06] [Server thread/WARN]: Mismatch in destroy block pos: class_2338{x=0, y=0, z=0} class_2338{x=69, y=96, z=-179}
[01:33:06] [Server thread/WARN]: Mismatch in destroy block pos: class_2338{x=0, y=0, z=0} class_2338{x=68, y=97, z=-179}
[01:33:06] [Server thread/WARN]: Mismatch in destroy block pos: class_2338{x=0, y=0, z=0} class_2338{x=68, y=97, z=-179}
[01:33:07] [Server thread/WARN]: Mismatch in destroy block pos: class_2338{x=0, y=0, z=0} class_2338{x=67, y=97, z=-178}
[01:33:07] [Server thread/WARN]: Mismatch in destroy block pos: class_2338{x=0, y=0, z=0} class_2338{x=67, y=97, z=-178}
[01:33:07] [Server thread/WARN]: Mismatch in destroy block pos: class_2338{x=0, y=0, z=0} class_2338{x=67, y=97, z=-178}
[01:33:07] [Server thread/WARN]: Mismatch in destroy block pos: class_2338{x=0, y=0, z=0} class_2338{x=67, y=97, z=-178}
[01:33:07] [Server thread/WARN]: Mismatch in destroy block pos: class_2338{x=0, y=0, z=0} class_2338{x=68, y=97, z=-179}
[01:33:09] [Server thread/WARN]: Mismatch in destroy block pos: class_2338{x=0, y=0, z=0} class_2338{x=68, y=97, z=-179}
[01:33:09] [Server thread/WARN]: Mismatch in destroy block pos: class_2338{x=0, y=0, z=0} class_2338{x=68, y=97, z=-179}
[01:33:09] [Server thread/WARN]: Mismatch in destroy block pos: class_2338{x=0, y=0, z=0} class_2338{x=68, y=97, z=-179}
[01:33:10] [Server thread/WARN]: Mismatch in destroy block pos: class_2338{x=0, y=0, z=0} class_2338{x=68, y=96, z=-178}
[01:33:10] [Server thread/WARN]: Mismatch in destroy block pos: class_2338{x=0, y=0, z=0} class_2338{x=70, y=96, z=-179}
[01:33:15] [Server thread/INFO]: jhonsts35copia was doomed to fall by jhonsts35
[01:33:28] [Server thread/INFO]: [Not Secure] <jhonsts35copia> esta es la de mi cel
[01:33:46] [Server thread/INFO]: [Not Secure] <jhonsts35> que tal ves el rendimiento
[01:33:47] [Server thread/INFO]: XxtomiokaxX fell from a high place
[01:33:53] [Server thread/INFO]: [Not Secure] <XxtomiokaxX> muy bueno
[01:33:59] [Server thread/WARN]: Mismatch in destroy block pos: class_2338{x=0, y=0, z=0} class_2338{x=63, y=96, z=-171}
[01:33:59] [Server thread/WARN]: Mismatch in destroy block pos: class_2338{x=0, y=0, z=0} class_2338{x=64, y=95, z=-171}
[01:34:00] [Server thread/WARN]: Mismatch in destroy block pos: class_2338{x=0, y=0, z=0} class_2338{x=63, y=96, z=-171}
[01:34:00] [Server thread/WARN]: Mismatch in destroy block pos: class_2338{x=0, y=0, z=0} class_2338{x=63, y=96, z=-170}
[01:34:02] [Server thread/WARN]: Mismatch in destroy block pos: class_2338{x=0, y=0, z=0} class_2338{x=61, y=97, z=-170}
[01:34:04] [Server thread/WARN]: Mismatch in destroy block pos: class_2338{x=60, y=97, z=-170} class_2338{x=62, y=97, z=-170}
[01:34:04] [Server thread/WARN]: Mismatch in destroy block pos: class_2338{x=60, y=97, z=-170} class_2338{x=61, y=97, z=-171}
[01:34:10] [Server thread/WARN]: Mismatch in destroy block pos: class_2338{x=60, y=97, z=-170} class_2338{x=71, y=95, z=-176}
[01:34:11] [Server thread/WARN]: Mismatch in destroy block pos: class_2338{x=60, y=97, z=-170} class_2338{x=73, y=95, z=-177}
[01:34:11] [Server thread/WARN]: Mismatch in destroy block pos: class_2338{x=60, y=97, z=-170} class_2338{x=74, y=95, z=-177}
[01:34:17] [Server thread/INFO]: [Not Secure] <jhonsts35> y aun faltan mods pero ahi voy
[01:34:18] [Server thread/INFO]: jhonsts35copia was doomed to fall by XxtomiokaxX
[01:34:27] [Server thread/INFO]: XxtomiokaxX fell from a high place
[01:34:40] [Server thread/INFO]: [Not Secure] <jhonsts35> tambien lo de las skins como esta para no premiuns no deja poner skins
[01:34:41] [Server thread/INFO]: [Not Secure] <XxtomiokaxX> me va más fluido que en bedrock xD
